<?xml version="1.0" encoding="UTF-8"?>
<!-- Generated by org.testng.reporters.JUnitReportReporter -->
<testsuite hostname="OEIS-D32" name="example.NewTest" tests="1" failures="0" timestamp="3 Jul 2017 08:25:24 GMT" time="7.332" errors="0">
  <testcase name="f" time="7.332" classname="example.NewTest"/>
</testsuite> <!-- example.NewTest -->
