<?xml version="1.0" encoding="UTF-8"?>
<!-- Generated by org.testng.reporters.JUnitReportReporter -->
<testsuite hostname="OEIS-D32" name="example.NewTest" tests="1" failures="0" timestamp="26 Jun 2017 11:24:21 GMT" time="3.669" errors="0">
  <testcase name="f" time="3.669" classname="example.NewTest"/>
</testsuite> <!-- example.NewTest -->
