<?xml version="1.0" encoding="UTF-8"?>
<!-- Generated by org.testng.reporters.JUnitReportReporter -->
<testsuite hostname="oeis-d02" name="webdriverTest" tests="4" failures="0" timestamp="10 Oct 2014 13:25:13 GMT" time="9.937" errors="0">
  <testcase name="login1" time="2.937" classname="webdriverTest"/>
  <testcase name="login2" time="2.438" classname="webdriverTest"/>
  <testcase name="login1" time="2.047" classname="webdriverTest"/>
  <testcase name="test1" time="2.515" classname="webdriverTest"/>
</testsuite> <!-- webdriverTest -->
