<?xml version="1.0" encoding="UTF-8"?>
<!-- Generated by org.testng.reporters.JUnitReportReporter -->
<testsuite hostname="oeis-d02" name="natura2" tests="1" failures="0" timestamp="7 Nov 2014 10:49:21 GMT" time="5.593" errors="0">
  <testcase name="test1" time="5.593" classname="natura2"/>
</testsuite> <!-- natura2 -->
