<?xml version="1.0" encoding="UTF-8"?>
<!-- Generated by org.testng.reporters.JUnitReportReporter -->
<testsuite hostname="oeis-d02" name="testcases.sample1" tests="5" failures="0" timestamp="28 Apr 2014 09:54:24 GMT" time="24.766" errors="0">
  <testcase name="test2" time="0.000" classname="testcases.sample1"/>
  <testcase name="login" time="0.078" classname="testcases.sample1"/>
  <testcase name="testFirsy" time="0.016" classname="testcases.sample1"/>
  <testcase name="openGoogle" time="24.672" classname="testcases.sample1"/>
  <testcase name="test1" time="0.000" classname="testcases.sample1"/>
</testsuite> <!-- testcases.sample1 -->
