<?xml version="1.0" encoding="UTF-8"?>
<!-- Generated by org.testng.reporters.JUnitReportReporter -->
<testsuite hostname="oeis-d02" name="testcases.crateAccount" tests="1" failures="0" timestamp="22 Apr 2014 13:55:52 GMT" time="25.094" errors="0">
  <testcase name="createAccount" time="25.094" classname="testcases.crateAccount"/>
</testsuite> <!-- testcases.crateAccount -->
