<?xml version="1.0" encoding="UTF-8"?>
<!-- Generated by org.testng.reporters.JUnitReportReporter -->
<testsuite hostname="oeis-d02" name="testcases.chrome" tests="1" failures="0" timestamp="27 Aug 2014 19:05:46 GMT" time="18.844" errors="0">
  <testcase name="test1" time="18.844" classname="testcases.chrome"/>
</testsuite> <!-- testcases.chrome -->
