<?xml version="1.0" encoding="UTF-8"?>
<!-- Generated by org.testng.reporters.JUnitReportReporter -->
<testsuite hostname="oeis-d02" name="testcases.testExample1" tests="1" failures="0" timestamp="19 May 2014 06:22:51 GMT" time="23.314" errors="0">
  <testcase name="testExamples" time="23.314" classname="testcases.testExample1"/>
</testsuite> <!-- testcases.testExample1 -->
