<?xml version="1.0" encoding="UTF-8"?>
<!-- Generated by org.testng.reporters.JUnitReportReporter -->
<testsuite hostname="oeis-d02" name="testcases.singleSelectDropDown" tests="1" failures="0" timestamp="7 Jul 2014 10:25:15 GMT" time="4.031" errors="0">
  <testcase name="t1" time="4.031" classname="testcases.singleSelectDropDown"/>
</testsuite> <!-- testcases.singleSelectDropDown -->
