<?xml version="1.0" encoding="UTF-8"?>
<!-- Generated by org.testng.reporters.JUnitReportReporter -->
<testsuite hostname="oeis-d02" name="testcases.dataProvider" tests="3" failures="0" timestamp="22 Apr 2014 12:46:53 GMT" time="0.015" errors="0">
  <testcase name="test1" time="0.000" classname="testcases.dataProvider"/>
  <testcase name="test1" time="0.015" classname="testcases.dataProvider"/>
  <testcase name="test1" time="0.000" classname="testcases.dataProvider"/>
</testsuite> <!-- testcases.dataProvider -->
