<?xml version="1.0" encoding="UTF-8"?>
<!-- Generated by org.testng.reporters.JUnitReportReporter -->
<testsuite hostname="OEIS-D32" name="automationFramework.TestNG_Framework" tests="1" failures="0" timestamp="17 Dec 2014 07:09:24 GMT" time="5.892" errors="0">
  <testcase name="main" time="5.892" classname="automationFramework.TestNG_Framework"/>
</testsuite> <!-- automationFramework.TestNG_Framework -->
