<?xml version="1.0" encoding="UTF-8"?>
<!-- Generated by org.testng.reporters.JUnitReportReporter -->
<testsuite hostname="OEIS-D32" name="automationFramework.UDF_TC" tests="1" failures="0" timestamp="14 Aug 2015 14:37:48 GMT" time="42.403" errors="0">
  <testcase name="main" time="42.403" classname="automationFramework.UDF_TC"/>
</testsuite> <!-- automationFramework.UDF_TC -->
