<?xml version="1.0" encoding="UTF-8"?>
<!-- Generated by org.testng.reporters.JUnitReportReporter -->
<testsuite hostname="OEIS-D32" name="automationFramework.TestNG_Framework" tests="1" failures="0" timestamp="13 Aug 2015 15:19:09 GMT" time="16.851" errors="0">
  <testcase name="main" time="16.851" classname="automationFramework.TestNG_Framework"/>
</testsuite> <!-- automationFramework.TestNG_Framework -->
