<?xml version="1.0" encoding="UTF-8"?>
<!-- Generated by org.testng.reporters.JUnitReportReporter -->
<testsuite hostname="OEIS-D32" name="testCases.Checkout_01" tests="1" failures="0" timestamp="6 Jan 2015 10:13:50 GMT" time="167.339" errors="0">
  <testcase name="main" time="167.339" classname="testCases.Checkout_01"/>
</testsuite> <!-- testCases.Checkout_01 -->
