<?xml version="1.0" encoding="UTF-8"?>
<!-- Generated by org.testng.reporters.JUnitReportReporter -->
<testsuite hostname="OEIS-D32" name="example.NewTest" tests="1" failures="0" timestamp="27 Jun 2017 13:40:18 GMT" time="5.565" errors="0">
  <testcase name="f" time="5.565" classname="example.NewTest"/>
</testsuite> <!-- example.NewTest -->
