<?xml version="1.0" encoding="UTF-8"?>
<!-- Generated by org.testng.reporters.JUnitReportReporter -->
<testsuite hostname="OEIS-D32" name="testCase.UploadProductSkuFile" tests="4" failures="0" timestamp="7 Mar 2017 14:19:02 GMT" time="137.056" errors="0">
  <testcase name="currencySignINR" time="36.116" classname="testCase.UploadProductSkuFile"/>
  <testcase name="currencySignBRT" time="30.257" classname="testCase.UploadProductSkuFile"/>
  <testcase name="currencySignUSD" time="33.533" classname="testCase.UploadProductSkuFile"/>
  <testcase name="LoginToSite" time="37.150" classname="testCase.UploadProductSkuFile"/>
</testsuite> <!-- testCase.UploadProductSkuFile -->
