<?xml version="1.0" encoding="UTF-8"?>
<!-- Generated by org.testng.reporters.JUnitReportReporter -->
<testsuite hostname="OEIS-D32" name="TestNG.AnonymousCheckout" tests="2" failures="0" timestamp="20 Jan 2017 16:32:27 GMT" time="280.597" errors="0">
  <testcase name="newCheckoutDiffBillShipAddr" time="124.951" classname="TestNG.AnonymousCheckout"/>
  <testcase name="newCheckoutSameBillShipAddr" time="155.646" classname="TestNG.AnonymousCheckout"/>
</testsuite> <!-- TestNG.AnonymousCheckout -->
