<?xml version="1.0" encoding="UTF-8"?>
<!-- Generated by org.testng.reporters.JUnitReportReporter -->
<testsuite hostname="OEIS-D32" name="testCase.Existing_Video_EasterlySoutherly" tests="7" failures="0" timestamp="24 Mar 2017 12:14:22 GMT" time="145.806" errors="0">
  <testcase name="ProdOOSRedirect2" time="14.683" classname="testCase.Existing_Video_EasterlySoutherly"/>
  <testcase name="SkuOOSMsg" time="3.309" classname="testCase.Existing_Video_EasterlySoutherly"/>
  <testcase name="LoginToSite" time="37.904" classname="testCase.Existing_Video_EasterlySoutherly"/>
  <testcase name="ProdOOSMsg" time="46.503" classname="testCase.Existing_Video_EasterlySoutherly"/>
  <testcase name="ProdOOSRedirect1" time="14.830" classname="testCase.Existing_Video_EasterlySoutherly"/>
  <testcase name="SkuAvailableRedirect" time="20.813" classname="testCase.Existing_Video_EasterlySoutherly"/>
  <testcase name="searchVideo" time="7.764" classname="testCase.Existing_Video_EasterlySoutherly"/>
</testsuite> <!-- testCase.Existing_Video_EasterlySoutherly -->
