<?xml version="1.0" encoding="UTF-8"?>
<!-- Generated by org.testng.reporters.JUnitReportReporter -->
<testsuite hostname="OEIS-D32" name="testCase.Existing_Look_Template1" tests="2" failures="0" timestamp="31 Mar 2017 12:45:50 GMT" time="100.784" errors="0">
  <testcase name="LoginToSite" time="87.920" classname="testCase.Existing_Look_Template1"/>
  <testcase name="searchLook" time="12.864" classname="testCase.Existing_Look_Template1"/>
</testsuite> <!-- testCase.Existing_Look_Template1 -->
