<?xml version="1.0" encoding="UTF-8"?>
<!-- Generated by org.testng.reporters.JUnitReportReporter -->
<testsuite hostname="OEIS-D32" name="testCase.Existing_Video" tests="18" failures="0" timestamp="21 Mar 2017 12:35:10 GMT" time="331.904" errors="0">
  <testcase name="ProdOOSRedirect1" time="14.633" classname="testCase.Existing_Video"/>
  <testcase name="ProdOOSRedirect2" time="14.822" classname="testCase.Existing_Video"/>
  <testcase name="ProdOOSRedirect1" time="14.316" classname="testCase.Existing_Video"/>
  <testcase name="SkuAvailableRedirect" time="20.863" classname="testCase.Existing_Video"/>
  <testcase name="ProdOOSMsg" time="20.044" classname="testCase.Existing_Video"/>
  <testcase name="SkuOOSMsg" time="3.238" classname="testCase.Existing_Video"/>
  <testcase name="LoginToSite" time="22.844" classname="testCase.Existing_Video"/>
  <testcase name="SkuOOSMsg" time="3.540" classname="testCase.Existing_Video"/>
  <testcase name="LoginToSite" time="54.904" classname="testCase.Existing_Video"/>
  <testcase name="ProdOOSMsg" time="29.173" classname="testCase.Existing_Video"/>
  <testcase name="LoginToSite" time="28.100" classname="testCase.Existing_Video"/>
  <testcase name="ProdOOSRedirect1" time="14.335" classname="testCase.Existing_Video"/>
  <testcase name="ProdOOSMsg" time="14.676" classname="testCase.Existing_Video"/>
  <testcase name="SkuAvailableRedirect" time="21.108" classname="testCase.Existing_Video"/>
  <testcase name="ProdOOSRedirect2" time="14.969" classname="testCase.Existing_Video"/>
  <testcase name="SkuAvailableRedirect" time="21.868" classname="testCase.Existing_Video"/>
  <testcase name="SkuOOSMsg" time="3.490" classname="testCase.Existing_Video"/>
  <testcase name="ProdOOSRedirect2" time="14.981" classname="testCase.Existing_Video"/>
</testsuite> <!-- testCase.Existing_Video -->
