<?xml version="1.0" encoding="UTF-8"?>
<!-- Generated by org.testng.reporters.JUnitReportReporter -->
<testsuite hostname="OEIS-D32" name="testCase.Look" tests="2" failures="0" timestamp="10 Feb 2017 10:51:58 GMT" time="46.990" errors="0">
  <testcase name="LoginToSite" time="27.559" classname="testCase.Look"/>
  <testcase name="LookTemplate1snippet" time="19.431" classname="testCase.Look"/>
</testsuite> <!-- testCase.Look -->
