<?xml version="1.0" encoding="UTF-8"?>
<!-- Generated by org.testng.reporters.JUnitReportReporter -->
<testsuite hostname="OEIS-D32" name="pageFactory.webdriverTest" tests="1" failures="0" timestamp="9 Dec 2014 08:54:05 GMT" time="24.857" errors="0">
  <testcase name="test1" time="24.857" classname="pageFactory.webdriverTest"/>
</testsuite> <!-- pageFactory.webdriverTest -->
